[debug] [2025-10-06T01:27:07.881Z] ----------------------------------------------------------------------
[debug] [2025-10-06T01:27:07.899Z] Command:       C:\Program Files\nodejs\node.exe C:\Users\rorororor\AppData\Roaming\npm\node_modules\firebase-tools\lib\bin\firebase.js init
[debug] [2025-10-06T01:27:07.900Z] CLI Version:   14.18.0
[debug] [2025-10-06T01:27:07.901Z] Platform:      win32
[debug] [2025-10-06T01:27:07.901Z] Node Version:  v22.18.0
[debug] [2025-10-06T01:27:07.902Z] Time:          Mon Oct 06 2025 09:27:07 GMT+0800 (Philippine Standard Time)
[debug] [2025-10-06T01:27:07.903Z] ----------------------------------------------------------------------
[debug] 
[debug] [2025-10-06T01:27:07.921Z] > command requires scopes: ["email","openid","https://www.googleapis.com/auth/cloudplatformprojects.readonly","https://www.googleapis.com/auth/firebase","https://www.googleapis.com/auth/cloud-platform"]
[debug] [2025-10-06T01:27:07.922Z] > authorizing via signed-in user (ramirezjeffrey01996@gmail.com)
[info] 
     ######## #### ########  ######## ########     ###     ######  ########
     ##        ##  ##     ## ##       ##     ##  ##   ##  ##       ##
     ######    ##  ########  ######   ########  #########  ######  ######
     ##        ##  ##    ##  ##       ##     ## ##     ##       ## ##
     ##       #### ##     ## ######## ########  ##     ##  ######  ########

You're about to initialize a Firebase project in this directory:

  C:\Users\rorororor\Documents\GitHub\Baybayin-Website

[debug] [2025-10-06T01:31:37.301Z] ExitPromptError: User force closed the prompt with SIGINT
    at Interface.sigint (C:\Users\rorororor\AppData\Roaming\npm\node_modules\firebase-tools\node_modules\@inquirer\core\dist\commonjs\lib\create-prompt.js:101:37)
    at Interface.emit (node:events:518:28)
    at Interface.emit (node:domain:489:12)
    at [_ttyWrite] [as _ttyWrite] (node:internal/readline/interface:1132:18)
    at ReadStream.onkeypress (node:internal/readline/interface:271:20)
    at ReadStream.emit (node:events:530:35)
    at ReadStream.emit (node:domain:489:12)
    at emitKeys (node:internal/readline/utils:370:14)
    at emitKeys.next (<anonymous>)
    at ReadStream.onData (node:internal/readline/emitKeypressEvents:64:36)
[error] 
[error] Error: An unexpected error has occurred.
